<?xml version="1.0" encoding="UTF-8"?>
<!-- Generated by org.testng.reporters.JUnitXMLReporter -->
<testsuite hostname="Sangamesh123" failures="0" tests="6" name="Test" time="0.189" errors="0" timestamp="18 Jul 2022 16:59:11 GMT">
  <testcase classname="com.tyss.sangamesh.datadriventesting.TestCase2Test" name="elephentTest" time="0.036"/>
  <testcase classname="com.tyss.sangamesh.datadriventesting.TestCase2Test" name="dogTest" time="0.012"/>
  <testcase classname="com.tyss.sangamesh.datadriventesting.TestCase2Test" name="rabbitTest" time="0.024"/>
  <testcase classname="com.tyss.sangamesh.datadriventesting.TestCase2Test" name="monkeyTest" time="0.005"/>
  <testcase classname="com.tyss.sangamesh.datadriventesting.TestCase2Test" name="tigerTest" time="0.012"/>
  <testcase classname="com.tyss.sangamesh.datadriventesting.TestCase2Test" name="lionTest" time="0.009"/>
</testsuite> <!-- Test -->
