<?xml version="1.0" encoding="UTF-8"?>
<testng-results total="1" passed="1" failed="0" skipped="0">
  <reporter-output>
  </reporter-output>
  <suite started-at="2022-07-19T05:22:34Z" name="Default suite" finished-at="2022-07-19T05:22:34Z" duration-ms="154">
    <groups>
    </groups>
    <test started-at="2022-07-19T05:22:34Z" name="Default test" finished-at="2022-07-19T05:22:34Z" duration-ms="154">
      <class name="com.tyss.sangamesh.datadriventesting.TestCase2Test">
        <test-method signature="lionTest()[pri:5, instance:com.tyss.sangamesh.datadriventesting.TestCase2Test@345f69f3]" started-at="2022-07-19T10:52:34Z" name="lionTest" finished-at="2022-07-19T10:52:34Z" duration-ms="54" status="PASS">
          <reporter-output>
          </reporter-output>
        </test-method> <!-- lionTest -->
      </class> <!-- com.tyss.sangamesh.datadriventesting.TestCase2Test -->
    </test> <!-- Default test -->
  </suite> <!-- Default suite -->
</testng-results>
